  [1m[35m (0.1ms)[0m  [1m[34mSELECT sqlite_version(*)[0m
  ↳ bin/rails:9
  [1m[35m (12.1ms)[0m  [1m[35mCREATE TABLE "schema_migrations" ("version" varchar NOT NULL PRIMARY KEY)[0m
  ↳ bin/rails:9
  [1m[35m (9.7ms)[0m  [1m[35mCREATE TABLE "ar_internal_metadata" ("key" varchar NOT NULL PRIMARY KEY, "value" varchar, "created_at" datetime NOT NULL, "updated_at" datetime NOT NULL)[0m
  ↳ bin/rails:9
  [1m[35m (0.2ms)[0m  [1m[34mSELECT "schema_migrations"."version" FROM "schema_migrations" ORDER BY "schema_migrations"."version" ASC[0m
  ↳ bin/rails:9
Migrating to CreateTweeets (20200625090048)
  [1m[35m (0.1ms)[0m  [1m[36mbegin transaction[0m
  ↳ bin/rails:9
  [1m[35m (0.5ms)[0m  [1m[35mCREATE TABLE "tweeets" ("id" integer PRIMARY KEY AUTOINCREMENT NOT NULL, "tweeet" text, "created_at" datetime NOT NULL, "updated_at" datetime NOT NULL)[0m
  ↳ db/migrate/20200625090048_create_tweeets.rb:3
  [1m[36mActiveRecord::SchemaMigration Create (0.2ms)[0m  [1m[32mINSERT INTO "schema_migrations" ("version") VALUES (?)[0m  [["version", "20200625090048"]]
  ↳ bin/rails:9
  [1m[35m (14.6ms)[0m  [1m[36mcommit transaction[0m
  ↳ bin/rails:9
  [1m[36mActiveRecord::InternalMetadata Load (0.3ms)[0m  [1m[34mSELECT  "ar_internal_metadata".* FROM "ar_internal_metadata" WHERE "ar_internal_metadata"."key" = ? LIMIT ?[0m  [["key", "environment"], ["LIMIT", 1]]
  ↳ bin/rails:9
  [1m[35m (0.1ms)[0m  [1m[36mbegin transaction[0m
  ↳ bin/rails:9
  [1m[36mActiveRecord::InternalMetadata Create (0.4ms)[0m  [1m[32mINSERT INTO "ar_internal_metadata" ("key", "value", "created_at", "updated_at") VALUES (?, ?, ?, ?)[0m  [["key", "environment"], ["value", "development"], ["created_at", "2020-06-25 09:05:42.236560"], ["updated_at", "2020-06-25 09:05:42.236560"]]
  ↳ bin/rails:9
  [1m[35m (17.9ms)[0m  [1m[36mcommit transaction[0m
  ↳ bin/rails:9
  [1m[35m (0.2ms)[0m  [1m[34mSELECT "schema_migrations"."version" FROM "schema_migrations" ORDER BY "schema_migrations"."version" ASC[0m
  ↳ bin/rails:9
Started GET "/" for 127.0.0.1 at 2020-06-25 12:10:12 +0300
  [1m[35m (0.4ms)[0m  [1m[34mSELECT "schema_migrations"."version" FROM "schema_migrations" ORDER BY "schema_migrations"."version" ASC[0m
  ↳ /home/nakitto/.rbenv/versions/2.6.5/lib/ruby/gems/2.6.0/gems/activerecord-5.2.4.3/lib/active_record/log_subscriber.rb:98
Processing by Rails::WelcomeController#index as HTML
  Rendering /home/nakitto/.rbenv/versions/2.6.5/lib/ruby/gems/2.6.0/gems/railties-5.2.4.3/lib/rails/templates/rails/welcome/index.html.erb
  Rendered /home/nakitto/.rbenv/versions/2.6.5/lib/ruby/gems/2.6.0/gems/railties-5.2.4.3/lib/rails/templates/rails/welcome/index.html.erb (4.1ms)
Completed 200 OK in 18ms (Views: 13.3ms | ActiveRecord: 0.0ms)


Started GET "/" for 127.0.0.1 at 2020-06-25 12:12:46 +0300
Processing by TweeetsController#index as HTML
  Rendering tweeets/index.html.erb within layouts/application
  [1m[36mTweeet Load (0.2ms)[0m  [1m[34mSELECT "tweeets".* FROM "tweeets"[0m
  ↳ app/views/tweeets/index.html.erb:14
  Rendered tweeets/index.html.erb within layouts/application (2.6ms)
Completed 200 OK in 1531ms (Views: 1527.3ms | ActiveRecord: 0.5ms)


Started GET "/tweeets/new" for 127.0.0.1 at 2020-06-25 12:12:53 +0300
Processing by TweeetsController#new as HTML
  Rendering tweeets/new.html.erb within layouts/application
  Rendered tweeets/_form.html.erb (18.0ms)
  Rendered tweeets/new.html.erb within layouts/application (19.1ms)
Completed 200 OK in 45ms (Views: 40.2ms | ActiveRecord: 0.5ms)


Started GET "/tweeets" for 127.0.0.1 at 2020-06-25 12:12:59 +0300
Processing by TweeetsController#index as HTML
  Rendering tweeets/index.html.erb within layouts/application
  [1m[36mTweeet Load (0.1ms)[0m  [1m[34mSELECT "tweeets".* FROM "tweeets"[0m
  ↳ app/views/tweeets/index.html.erb:14
  Rendered tweeets/index.html.erb within layouts/application (1.6ms)
Completed 200 OK in 19ms (Views: 18.0ms | ActiveRecord: 0.1ms)


Started GET "/tweeets/new" for 127.0.0.1 at 2020-06-25 14:46:58 +0300
Processing by TweeetsController#new as HTML
  Rendering tweeets/new.html.erb within layouts/application
  Rendered tweeets/_form.html.erb (13.1ms)
  Rendered tweeets/new.html.erb within layouts/application (17.6ms)
Completed 200 OK in 108ms (Views: 64.0ms | ActiveRecord: 5.6ms)


Started POST "/tweeets" for 127.0.0.1 at 2020-06-25 14:47:11 +0300
Processing by TweeetsController#create as HTML
  Parameters: {"utf8"=>"✓", "authenticity_token"=>"JcO1AqjLFJChVXWIGZnsDK3M608ccszm3wzMJy4l3STUIh2xavq2dWAaoc+BjZ+elVY9vXqz2pOwADaP/wsP+A==", "tweeet"=>{"tweeet"=>"my first tweet"}, "commit"=>"Create Tweeet"}
  [1m[35m (0.1ms)[0m  [1m[36mbegin transaction[0m
  ↳ app/controllers/tweeets_controller.rb:30
  [1m[36mTweeet Create (1.4ms)[0m  [1m[32mINSERT INTO "tweeets" ("tweeet", "created_at", "updated_at") VALUES (?, ?, ?)[0m  [["tweeet", "my first tweet"], ["created_at", "2020-06-25 11:47:11.594930"], ["updated_at", "2020-06-25 11:47:11.594930"]]
  ↳ app/controllers/tweeets_controller.rb:30
  [1m[35m (9.5ms)[0m  [1m[36mcommit transaction[0m
  ↳ app/controllers/tweeets_controller.rb:30
Redirected to http://localhost:3000/tweeets/1
Completed 302 Found in 26ms (ActiveRecord: 11.1ms)


Started GET "/tweeets/1" for 127.0.0.1 at 2020-06-25 14:47:11 +0300
Processing by TweeetsController#show as HTML
  Parameters: {"id"=>"1"}
  [1m[36mTweeet Load (1.4ms)[0m  [1m[34mSELECT  "tweeets".* FROM "tweeets" WHERE "tweeets"."id" = ? LIMIT ?[0m  [["id", 1], ["LIMIT", 1]]
  ↳ app/controllers/tweeets_controller.rb:67
  Rendering tweeets/show.html.erb within layouts/application
  Rendered tweeets/show.html.erb within layouts/application (0.6ms)
Completed 200 OK in 56ms (Views: 38.6ms | ActiveRecord: 1.4ms)


Started GET "/tweeets" for 127.0.0.1 at 2020-06-25 14:47:19 +0300
Processing by TweeetsController#index as HTML
  Rendering tweeets/index.html.erb within layouts/application
  [1m[36mTweeet Load (0.4ms)[0m  [1m[34mSELECT "tweeets".* FROM "tweeets"[0m
  ↳ app/views/tweeets/index.html.erb:14
  Rendered tweeets/index.html.erb within layouts/application (3.4ms)
Completed 200 OK in 31ms (Views: 29.8ms | ActiveRecord: 0.4ms)


Started GET "/tweeets/1" for 127.0.0.1 at 2020-06-25 14:47:24 +0300
Processing by TweeetsController#show as HTML
  Parameters: {"id"=>"1"}
  [1m[36mTweeet Load (0.2ms)[0m  [1m[34mSELECT  "tweeets".* FROM "tweeets" WHERE "tweeets"."id" = ? LIMIT ?[0m  [["id", 1], ["LIMIT", 1]]
  ↳ app/controllers/tweeets_controller.rb:67
  Rendering tweeets/show.html.erb within layouts/application
  Rendered tweeets/show.html.erb within layouts/application (0.9ms)
Completed 200 OK in 22ms (Views: 19.1ms | ActiveRecord: 0.2ms)


Started GET "/tweeets" for 127.0.0.1 at 2020-06-25 14:47:27 +0300
Processing by TweeetsController#index as HTML
  Rendering tweeets/index.html.erb within layouts/application
  [1m[36mTweeet Load (0.1ms)[0m  [1m[34mSELECT "tweeets".* FROM "tweeets"[0m
  ↳ app/views/tweeets/index.html.erb:14
  Rendered tweeets/index.html.erb within layouts/application (1.8ms)
Completed 200 OK in 33ms (Views: 32.3ms | ActiveRecord: 0.1ms)


Started GET "/tweeets/1/edit" for 127.0.0.1 at 2020-06-25 14:47:31 +0300
Processing by TweeetsController#edit as HTML
  Parameters: {"id"=>"1"}
  [1m[36mTweeet Load (0.1ms)[0m  [1m[34mSELECT  "tweeets".* FROM "tweeets" WHERE "tweeets"."id" = ? LIMIT ?[0m  [["id", 1], ["LIMIT", 1]]
  ↳ app/controllers/tweeets_controller.rb:67
  Rendering tweeets/edit.html.erb within layouts/application
  Rendered tweeets/_form.html.erb (3.2ms)
  Rendered tweeets/edit.html.erb within layouts/application (5.9ms)
Completed 200 OK in 33ms (Views: 28.7ms | ActiveRecord: 0.1ms)


Started PATCH "/tweeets/1" for 127.0.0.1 at 2020-06-25 14:47:46 +0300
Processing by TweeetsController#update as HTML
  Parameters: {"utf8"=>"✓", "authenticity_token"=>"qI5A4Vyd5Sh85hT6l+Lxuqg22hK6OIgQCWRtiVgAB3zztLxLuREb67rirvYYZW/j0JGEkYwWmNVTXqK50JXyiA==", "tweeet"=>{"tweeet"=>"my first edited tweeet"}, "commit"=>"Update Tweeet", "id"=>"1"}
  [1m[36mTweeet Load (0.2ms)[0m  [1m[34mSELECT  "tweeets".* FROM "tweeets" WHERE "tweeets"."id" = ? LIMIT ?[0m  [["id", 1], ["LIMIT", 1]]
  ↳ app/controllers/tweeets_controller.rb:67
  [1m[35m (0.1ms)[0m  [1m[36mbegin transaction[0m
  ↳ app/controllers/tweeets_controller.rb:44
  [1m[36mTweeet Update (0.3ms)[0m  [1m[33mUPDATE "tweeets" SET "tweeet" = ?, "updated_at" = ? WHERE "tweeets"."id" = ?[0m  [["tweeet", "my first edited tweeet"], ["updated_at", "2020-06-25 11:47:46.903487"], ["id", 1]]
  ↳ app/controllers/tweeets_controller.rb:44
  [1m[35m (15.2ms)[0m  [1m[36mcommit transaction[0m
  ↳ app/controllers/tweeets_controller.rb:44
Redirected to http://localhost:3000/tweeets/1
Completed 302 Found in 24ms (ActiveRecord: 15.8ms)


Started GET "/tweeets/1" for 127.0.0.1 at 2020-06-25 14:47:46 +0300
Processing by TweeetsController#show as HTML
  Parameters: {"id"=>"1"}
  [1m[36mTweeet Load (0.2ms)[0m  [1m[34mSELECT  "tweeets".* FROM "tweeets" WHERE "tweeets"."id" = ? LIMIT ?[0m  [["id", 1], ["LIMIT", 1]]
  ↳ app/controllers/tweeets_controller.rb:67
  Rendering tweeets/show.html.erb within layouts/application
  Rendered tweeets/show.html.erb within layouts/application (3.3ms)
Completed 200 OK in 33ms (Views: 31.7ms | ActiveRecord: 0.2ms)


Started GET "/tweeets" for 127.0.0.1 at 2020-06-25 14:47:57 +0300
Processing by TweeetsController#index as HTML
  Rendering tweeets/index.html.erb within layouts/application
  [1m[36mTweeet Load (0.1ms)[0m  [1m[34mSELECT "tweeets".* FROM "tweeets"[0m
  ↳ app/views/tweeets/index.html.erb:14
  Rendered tweeets/index.html.erb within layouts/application (1.8ms)
Completed 200 OK in 47ms (Views: 46.0ms | ActiveRecord: 0.1ms)


Started GET "/tweeets/new" for 127.0.0.1 at 2020-06-25 14:48:03 +0300
Processing by TweeetsController#new as HTML
  Rendering tweeets/new.html.erb within layouts/application
  Rendered tweeets/_form.html.erb (3.1ms)
  Rendered tweeets/new.html.erb within layouts/application (4.5ms)
Completed 200 OK in 36ms (Views: 29.6ms | ActiveRecord: 0.0ms)


Started POST "/tweeets" for 127.0.0.1 at 2020-06-25 14:48:16 +0300
Processing by TweeetsController#create as HTML
  Parameters: {"utf8"=>"✓", "authenticity_token"=>"crFfHNhXGmaOYNGOUjW6mEGCcI4HfEo512pnkuh8N1WDUPevGma4g08vBcnKIckKeRimfGG9XEy4Zp06OVLliQ==", "tweeet"=>{"tweeet"=>"my second tweeet"}, "commit"=>"Create Tweeet"}
  [1m[35m (0.1ms)[0m  [1m[36mbegin transaction[0m
  ↳ app/controllers/tweeets_controller.rb:30
  [1m[36mTweeet Create (0.6ms)[0m  [1m[32mINSERT INTO "tweeets" ("tweeet", "created_at", "updated_at") VALUES (?, ?, ?)[0m  [["tweeet", "my second tweeet"], ["created_at", "2020-06-25 11:48:16.243314"], ["updated_at", "2020-06-25 11:48:16.243314"]]
  ↳ app/controllers/tweeets_controller.rb:30
  [1m[35m (11.2ms)[0m  [1m[36mcommit transaction[0m
  ↳ app/controllers/tweeets_controller.rb:30
Redirected to http://localhost:3000/tweeets/2
Completed 302 Found in 22ms (ActiveRecord: 11.9ms)


Started GET "/tweeets/2" for 127.0.0.1 at 2020-06-25 14:48:16 +0300
Processing by TweeetsController#show as HTML
  Parameters: {"id"=>"2"}
  [1m[36mTweeet Load (0.1ms)[0m  [1m[34mSELECT  "tweeets".* FROM "tweeets" WHERE "tweeets"."id" = ? LIMIT ?[0m  [["id", 2], ["LIMIT", 1]]
  ↳ app/controllers/tweeets_controller.rb:67
  Rendering tweeets/show.html.erb within layouts/application
  Rendered tweeets/show.html.erb within layouts/application (2.0ms)
Completed 200 OK in 47ms (Views: 45.5ms | ActiveRecord: 0.1ms)


Started GET "/tweeets" for 127.0.0.1 at 2020-06-25 14:48:20 +0300
Processing by TweeetsController#index as HTML
  Rendering tweeets/index.html.erb within layouts/application
  [1m[36mTweeet Load (0.1ms)[0m  [1m[34mSELECT "tweeets".* FROM "tweeets"[0m
  ↳ app/views/tweeets/index.html.erb:14
  Rendered tweeets/index.html.erb within layouts/application (2.8ms)
Completed 200 OK in 38ms (Views: 35.3ms | ActiveRecord: 0.1ms)


Started GET "/" for 127.0.0.1 at 2020-06-26 20:16:50 +0300
  [1m[35m (0.3ms)[0m  [1m[34mSELECT "schema_migrations"."version" FROM "schema_migrations" ORDER BY "schema_migrations"."version" ASC[0m
  ↳ /home/nakitto/.rbenv/versions/2.6.5/lib/ruby/gems/2.6.0/gems/activerecord-5.2.4.3/lib/active_record/log_subscriber.rb:98
Processing by TweeetsController#index as HTML
  Rendering tweeets/index.html.erb within layouts/application
  [1m[36mTweeet Load (0.2ms)[0m  [1m[34mSELECT "tweeets".* FROM "tweeets"[0m
  ↳ app/views/tweeets/index.html.erb:14
  Rendered tweeets/index.html.erb within layouts/application (33.8ms)
Completed 200 OK in 300ms (Views: 286.7ms | ActiveRecord: 1.0ms)


Started GET "/" for 127.0.0.1 at 2020-06-26 20:52:15 +0300
  [1m[35m (0.3ms)[0m  [1m[34mSELECT "schema_migrations"."version" FROM "schema_migrations" ORDER BY "schema_migrations"."version" ASC[0m
  ↳ /home/nakitto/.rbenv/versions/2.6.5/lib/ruby/gems/2.6.0/gems/activerecord-5.2.4.3/lib/active_record/log_subscriber.rb:98
Processing by TweeetsController#index as HTML
  Rendering tweeets/index.html.erb within layouts/application
  [1m[36mTweeet Load (0.2ms)[0m  [1m[34mSELECT "tweeets".* FROM "tweeets"[0m
  ↳ app/views/tweeets/index.html.erb:14
  Rendered tweeets/index.html.erb within layouts/application (27.0ms)
Completed 200 OK in 3317ms (Views: 3304.6ms | ActiveRecord: 2.0ms)


Started GET "/" for 127.0.0.1 at 2020-06-26 22:54:26 +0300
  [1m[35m (0.2ms)[0m  [1m[34mSELECT "schema_migrations"."version" FROM "schema_migrations" ORDER BY "schema_migrations"."version" ASC[0m
  ↳ /home/nakitto/.rbenv/versions/2.6.5/lib/ruby/gems/2.6.0/gems/activerecord-5.2.4.3/lib/active_record/log_subscriber.rb:98
Processing by TweeetsController#index as HTML
  Rendering tweeets/index.html.erb within layouts/application
  [1m[36mTweeet Load (0.2ms)[0m  [1m[34mSELECT "tweeets".* FROM "tweeets"[0m
  ↳ app/views/tweeets/index.html.erb:14
  Rendered tweeets/index.html.erb within layouts/application (9.7ms)
Completed 200 OK in 291ms (Views: 283.2ms | ActiveRecord: 1.1ms)


Started GET "/tweeets/1" for 127.0.0.1 at 2020-06-27 01:26:43 +0300
Processing by TweeetsController#show as HTML
  Parameters: {"id"=>"1"}
  [1m[36mTweeet Load (0.4ms)[0m  [1m[34mSELECT  "tweeets".* FROM "tweeets" WHERE "tweeets"."id" = ? LIMIT ?[0m  [["id", 1], ["LIMIT", 1]]
  ↳ app/controllers/tweeets_controller.rb:67
  Rendering tweeets/show.html.erb within layouts/application
  Rendered tweeets/show.html.erb within layouts/application (0.8ms)
Completed 500 Internal Server Error in 30ms (ActiveRecord: 0.4ms)



SyntaxError - syntax error, unexpected '<', expecting end
            </p>
            ^
/home/nakitto/odin_on_rails/twitter-clone/app/views/layouts/application.html.erb:41: unknown regexp options - dv
/home/nakitto/odin_on_rails/twitter-clone/app/views/layouts/application.html.erb:42: syntax error, unexpected '<'
        </div>
        ^
/home/nakitto/odin_on_rails/twitter-clone/app/views/layouts/application.html.erb:43: unknown regexp options - dv
/home/nakitto/odin_on_rails/twitter-clone/app/views/layouts/application.html.erb:44: syntax error, unexpected '<'
    </nav>
    ^
/home/nakitto/odin_on_rails/twitter-clone/app/views/layouts/application.html.erb:47: unknown regexp options - bdy
/home/nakitto/odin_on_rails/twitter-clone/app/views/layouts/application.html.erb:48: syntax error, unexpected '<'
</html>
^
/home/nakitto/odin_on_rails/twitter-clone/app/views/layouts/application.html.erb:53: unterminated regexp meets end of file
          end
              ^
/home/nakitto/odin_on_rails/twitter-clone/app/views/layouts/application.html.erb:53: syntax error, unexpected end-of-input, expecting end:
  app/views/layouts/application.html.erb:40:in `'

Started POST "/__better_errors/9bd52c25fbf89a0c/variables" for 127.0.0.1 at 2020-06-27 01:26:43 +0300
Started GET "/" for 127.0.0.1 at 2020-06-27 01:26:47 +0300
Processing by TweeetsController#index as HTML
  Rendering tweeets/index.html.erb within layouts/application
  [1m[36mTweeet Load (0.3ms)[0m  [1m[34mSELECT "tweeets".* FROM "tweeets"[0m
  ↳ app/views/tweeets/index.html.erb:14
  Rendered tweeets/index.html.erb within layouts/application (3.1ms)
Completed 500 Internal Server Error in 9ms (ActiveRecord: 0.3ms)



SyntaxError - syntax error, unexpected '<', expecting end
            </p>
            ^
/home/nakitto/odin_on_rails/twitter-clone/app/views/layouts/application.html.erb:41: unknown regexp options - dv
/home/nakitto/odin_on_rails/twitter-clone/app/views/layouts/application.html.erb:42: syntax error, unexpected '<'
        </div>
        ^
/home/nakitto/odin_on_rails/twitter-clone/app/views/layouts/application.html.erb:43: unknown regexp options - dv
/home/nakitto/odin_on_rails/twitter-clone/app/views/layouts/application.html.erb:44: syntax error, unexpected '<'
    </nav>
    ^
/home/nakitto/odin_on_rails/twitter-clone/app/views/layouts/application.html.erb:47: unknown regexp options - bdy
/home/nakitto/odin_on_rails/twitter-clone/app/views/layouts/application.html.erb:48: syntax error, unexpected '<'
</html>
^
/home/nakitto/odin_on_rails/twitter-clone/app/views/layouts/application.html.erb:53: unterminated regexp meets end of file
          end
              ^
/home/nakitto/odin_on_rails/twitter-clone/app/views/layouts/application.html.erb:53: syntax error, unexpected end-of-input, expecting end:
  app/views/layouts/application.html.erb:40:in `'

Started POST "/__better_errors/e019e9d4d867c6b5/variables" for 127.0.0.1 at 2020-06-27 01:26:47 +0300
Started GET "/" for 127.0.0.1 at 2020-06-27 21:27:06 +0300
Processing by TweeetsController#index as HTML
  Rendering tweeets/index.html.erb within layouts/application
  [1m[36mTweeet Load (0.5ms)[0m  [1m[34mSELECT "tweeets".* FROM "tweeets"[0m
  ↳ app/views/tweeets/index.html.erb:14
  Rendered tweeets/index.html.erb within layouts/application (4.1ms)
Completed 500 Internal Server Error in 552ms (ActiveRecord: 0.5ms)



ActionView::Template::Error - undefined local variable or method `new_tweet_path' for #<#<Class:0x00007ff5948aa340>:0x00007ff5962f4188>
Did you mean?  new_tweeet_path:
  app/views/layouts/application.html.erb:39:in `view template'
  app/views/layouts/application.html.erb:39:in `_app_views_layouts_application_html_erb__3584264599325882406_70346381771000'

Started POST "/__better_errors/59e06a4f187eba8b/variables" for 127.0.0.1 at 2020-06-27 21:27:06 +0300
Started GET "/" for 127.0.0.1 at 2020-06-27 21:27:55 +0300
Processing by TweeetsController#index as HTML
  Rendering tweeets/index.html.erb within layouts/application
  [1m[36mTweeet Load (0.1ms)[0m  [1m[34mSELECT "tweeets".* FROM "tweeets"[0m
  ↳ app/views/tweeets/index.html.erb:14
  Rendered tweeets/index.html.erb within layouts/application (3.1ms)
Completed 200 OK in 54ms (Views: 51.5ms | ActiveRecord: 0.1ms)


Started GET "/" for 127.0.0.1 at 2020-06-27 22:28:54 +0300
Processing by TweeetsController#index as HTML
  Rendering tweeets/index.html.erb within layouts/application
  [1m[36mTweeet Load (0.5ms)[0m  [1m[34mSELECT "tweeets".* FROM "tweeets"[0m
  ↳ app/views/tweeets/index.html.erb:14
  Rendered tweeets/index.html.erb within layouts/application (5.8ms)
Completed 200 OK in 1986ms (Views: 1983.1ms | ActiveRecord: 0.5ms)


Started GET "/" for 127.0.0.1 at 2020-06-28 00:00:41 +0300
Processing by TweeetsController#index as HTML
  Rendering tweeets/index.html.erb within layouts/application
  [1m[36mTweeet Load (0.4ms)[0m  [1m[34mSELECT  "tweeets".* FROM "tweeets" ORDER BY created_at DESC LIMIT ?[0m  [["LIMIT", 11]]
  ↳ app/views/tweeets/index.html.erb:4
  [1m[36mCACHE Tweeet Load (0.0ms)[0m  [1m[34mSELECT  "tweeets".* FROM "tweeets" ORDER BY created_at DESC LIMIT ?[0m  [["LIMIT", 11]]
  ↳ app/views/tweeets/index.html.erb:4
  [1m[36mCACHE Tweeet Load (0.0ms)[0m  [1m[34mSELECT  "tweeets".* FROM "tweeets" ORDER BY created_at DESC LIMIT ?[0m  [["LIMIT", 11]]
  ↳ app/views/tweeets/index.html.erb:4
  [1m[36mCACHE Tweeet Load (0.0ms)[0m  [1m[34mSELECT  "tweeets".* FROM "tweeets" ORDER BY created_at DESC LIMIT ?[0m  [["LIMIT", 11]]
  ↳ app/views/tweeets/index.html.erb:4
  [1m[36mCACHE Tweeet Load (0.0ms)[0m  [1m[34mSELECT  "tweeets".* FROM "tweeets" ORDER BY created_at DESC LIMIT ?[0m  [["LIMIT", 11]]
  ↳ app/views/tweeets/index.html.erb:4
  [1m[36mCACHE Tweeet Load (0.0ms)[0m  [1m[34mSELECT  "tweeets".* FROM "tweeets" ORDER BY created_at DESC LIMIT ?[0m  [["LIMIT", 11]]
  ↳ app/views/tweeets/index.html.erb:4
  [1m[36mCACHE Tweeet Load (0.0ms)[0m  [1m[34mSELECT  "tweeets".* FROM "tweeets" ORDER BY created_at DESC LIMIT ?[0m  [["LIMIT", 11]]
  ↳ app/views/tweeets/index.html.erb:4
  [1m[36mCACHE Tweeet Load (0.0ms)[0m  [1m[34mSELECT  "tweeets".* FROM "tweeets" ORDER BY created_at DESC LIMIT ?[0m  [["LIMIT", 11]]
  ↳ app/views/tweeets/index.html.erb:4
  Rendered tweeets/_feed.html.erb (524.7ms)
  Rendered tweeets/index.html.erb within layouts/application (525.9ms)
Completed 500 Internal Server Error in 536ms (ActiveRecord: 2.0ms)



ActionView::Template::Error - undefined local variable or method `tweeets' for #<#<Class:0x00007ff59801ae60>:0x00007ff5980185e8>
Did you mean?  @tweeets:
  app/views/tweeets/_feed.html.erb:14:in `view template'
  app/views/tweeets/_feed.html.erb:14:in `_app_views_tweeets__feed_html_erb__3119036288454857511_70346229266140'
  app/views/tweeets/index.html.erb:4:in `_app_views_tweeets_index_html_erb___410756649578568756_70346396982200'

Started POST "/__better_errors/20f3d1b27d2260e8/variables" for 127.0.0.1 at 2020-06-28 00:00:42 +0300
  [1m[36mTweeet Load (0.3ms)[0m  [1m[34mSELECT  "tweeets".* FROM "tweeets" ORDER BY created_at DESC LIMIT ?[0m  [["LIMIT", 11]]
  ↳ /home/nakitto/.rbenv/versions/2.6.5/lib/ruby/gems/2.6.0/gems/activerecord-5.2.4.3/lib/active_record/log_subscriber.rb:98
Started GET "/" for 127.0.0.1 at 2020-06-28 00:01:04 +0300
Processing by TweeetsController#index as HTML
  Rendering tweeets/index.html.erb within layouts/application
  [1m[36mTweeet Load (0.4ms)[0m  [1m[34mSELECT "tweeets".* FROM "tweeets" ORDER BY created_at DESC[0m
  ↳ app/views/tweeets/_feed.html.erb:14
  Rendered tweeets/_feed.html.erb (3.0ms)
  Rendered tweeets/index.html.erb within layouts/application (3.9ms)
Completed 200 OK in 1833ms (Views: 1828.5ms | ActiveRecord: 0.4ms)


